app/build/intermediates/manifest_merge_blame_file/debug/manifest-merger-blame-debug-report.txt
1<?xml version="1.0" encoding="utf-8"?>
2<manifest xmlns:android="http://schemas.android.com/apk/res/android"
3    package="com.example.ownlanguage"
4    android:versionCode="1"
5    android:versionName="1.0" >
6
7    <uses-sdk
8        android:minSdkVersion="16"
8-->src\main\AndroidManifest.xml
9        android:targetSdkVersion="30" />
9-->src\main\AndroidManifest.xml
10
11    <application
11-->src\main\AndroidManifest.xml:5:5-36:19
12        android:allowBackup="true"
12-->src\main\AndroidManifest.xml:6:13-39
13        android:appComponentFactory="androidx.core.app.CoreComponentFactory"
13-->[androidx.core:core:1.3.1] AndroidManifest.xml:24:18-86
14        android:debuggable="true"
15        android:icon="@mipmap/ic_launcher"
15-->src\main\AndroidManifest.xml:7:13-47
16        android:label="@string/app_name"
16-->src\main\AndroidManifest.xml:8:13-45
17        android:roundIcon="@mipmap/ic_launcher_round"
17-->src\main\AndroidManifest.xml:9:13-58
18        android:supportsRtl="true"
18-->src\main\AndroidManifest.xml:10:13-39
19        android:testOnly="true"
20        android:theme="@style/AppTheme" >
20-->src\main\AndroidManifest.xml:11:13-44
21        <activity
21-->src\main\AndroidManifest.xml:12:9-16:20
22            android:name="com.example.ownlanguage.FamilyMembersActivity"
22-->src\main\AndroidManifest.xml:12:19-56
23            android:label="@string/category_family" >
23-->src\main\AndroidManifest.xml:14:19-58
24        </activity>
25        <activity
25-->src\main\AndroidManifest.xml:17:9-20:20
26            android:name="com.example.ownlanguage.PhrasesActivity"
26-->src\main\AndroidManifest.xml:17:19-50
27            android:label="@string/category_phrases" >
27-->src\main\AndroidManifest.xml:18:19-59
28        </activity>
29        <activity
29-->src\main\AndroidManifest.xml:21:9-24:20
30            android:name="com.example.ownlanguage.ColorsActivity"
30-->src\main\AndroidManifest.xml:21:19-49
31            android:label="@string/category_colors" >
31-->src\main\AndroidManifest.xml:22:19-58
32        </activity>
33        <activity
33-->src\main\AndroidManifest.xml:25:9-28:20
34            android:name="com.example.ownlanguage.NumbersActivity"
34-->src\main\AndroidManifest.xml:25:19-50
35            android:label="@string/category_numbers" >
35-->src\main\AndroidManifest.xml:26:19-59
36        </activity>
37        <activity android:name="com.example.ownlanguage.MainActivity" >
37-->src\main\AndroidManifest.xml:29:9-35:20
37-->src\main\AndroidManifest.xml:29:19-47
38            <intent-filter>
38-->src\main\AndroidManifest.xml:30:13-34:29
39                <action android:name="android.intent.action.MAIN" />
39-->src\main\AndroidManifest.xml:31:17-68
39-->src\main\AndroidManifest.xml:31:25-66
40
41                <category android:name="android.intent.category.LAUNCHER" />
41-->src\main\AndroidManifest.xml:33:17-76
41-->src\main\AndroidManifest.xml:33:27-74
42            </intent-filter>
43        </activity>
44    </application>
45
46</manifest>